{"/Users/kenwheeler/Projects/rxdux/src/index.js":{"path":"/Users/kenwheeler/Projects/rxdux/src/index.js","s":{"1":1,"2":1,"3":1,"4":1,"5":1,"6":1,"7":1},"b":{"1":[1,0],"2":[1,1]},"f":{"1":1},"fnMap":{"1":{"name":"_interopRequireDefault","line":12,"loc":{"start":{"line":0,"column":0},"end":{"line":0,"column":0},"skip":true},"skip":true}},"statementMap":{"1":{"start":{"line":0,"column":0},"end":{"line":0,"column":0},"skip":true},"2":{"start":{"line":0,"column":0},"end":{"line":0,"column":0},"skip":true},"3":{"start":{"line":0,"column":0},"end":{"line":0,"column":0},"skip":true},"4":{"start":{"line":0,"column":0},"end":{"line":0,"column":0},"skip":true},"5":{"start":{"line":0,"column":0},"end":{"line":0,"column":0},"skip":true},"6":{"start":{"line":0,"column":0},"end":{"line":0,"column":0},"skip":true},"7":{"start":{"line":0,"column":0},"end":{"line":0,"column":0},"skip":true}},"branchMap":{"1":{"line":12,"type":"cond-expr","locations":[{"start":{"line":0,"column":0},"end":{"line":0,"column":0},"skip":true},{"start":{"line":0,"column":0},"end":{"line":0,"column":0},"skip":true}]},"2":{"line":12,"type":"binary-expr","locations":[{"start":{"line":0,"column":0},"end":{"line":0,"column":0},"skip":true},{"start":{"line":0,"column":0},"end":{"line":0,"column":0},"skip":true}]}}},"/Users/kenwheeler/Projects/rxdux/src/create-store.js":{"path":"/Users/kenwheeler/Projects/rxdux/src/create-store.js","s":{"1":1,"2":1,"3":0,"4":0,"5":0,"6":0,"7":0,"8":0,"9":1,"10":1,"11":1,"12":1,"13":1,"14":6,"15":0,"16":6,"17":6,"18":6,"19":6,"20":6,"21":5,"22":6,"23":4,"24":4,"25":4,"26":3,"27":1,"28":6,"29":6,"30":3,"31":6,"32":3,"33":6,"34":0,"35":0,"36":6,"37":0,"38":6,"39":1},"b":{"1":[1,0],"2":[0,0],"3":[0,1],"4":[1,1],"5":[0,6],"6":[1,4],"7":[3,1],"8":[6,0]},"f":{"1":0,"2":1,"3":6,"4":5,"5":4,"6":3,"7":3,"8":0,"9":0},"fnMap":{"1":{"name":"(anonymous_1)","line":7,"loc":{"start":{"line":0,"column":0},"end":{"line":0,"column":0},"skip":true},"skip":true},"2":{"name":"_interopRequireDefault","line":13,"loc":{"start":{"line":0,"column":0},"end":{"line":0,"column":0},"skip":true},"skip":true},"3":{"name":"createStore","line":15,"loc":{"start":{"line":5,"column":20},"end":{"line":5,"column":124}}},"4":{"name":"dispatch","line":28,"loc":{"start":{"line":21,"column":19},"end":{"line":21,"column":75}}},"5":{"name":"(anonymous_5)","line":32,"loc":{"start":{"line":28,"column":4},"end":{"line":28,"column":39}}},"6":{"name":"(anonymous_6)","line":45,"loc":{"start":{"line":40,"column":12},"end":{"line":40,"column":27}}},"7":{"name":"getState","line":49,"loc":{"start":{"line":44,"column":19},"end":{"line":44,"column":47}}},"8":{"name":"replaceMutations","line":53,"loc":{"start":{"line":48,"column":27},"end":{"line":48,"column":76}}},"9":{"name":"replaceEffects","line":58,"loc":{"start":{"line":56,"column":25},"end":{"line":56,"column":70}}}},"statementMap":{"1":{"start":{"line":0,"column":0},"end":{"line":0,"column":0},"skip":true},"2":{"start":{"line":0,"column":0},"end":{"line":0,"column":0},"skip":true},"3":{"start":{"line":0,"column":0},"end":{"line":0,"column":0},"skip":true},"4":{"start":{"line":0,"column":0},"end":{"line":0,"column":0},"skip":true},"5":{"start":{"line":0,"column":0},"end":{"line":0,"column":0},"skip":true},"6":{"start":{"line":0,"column":0},"end":{"line":0,"column":0},"skip":true},"7":{"start":{"line":0,"column":0},"end":{"line":0,"column":0},"skip":true},"8":{"start":{"line":0,"column":0},"end":{"line":0,"column":0},"skip":true},"9":{"start":{"line":0,"column":0},"end":{"line":0,"column":0},"skip":true},"10":{"start":{"line":0,"column":0},"end":{"line":0,"column":0},"skip":true},"11":{"start":{"line":0,"column":0},"end":{"line":0,"column":0},"skip":true},"12":{"start":{"line":0,"column":0},"end":{"line":0,"column":0},"skip":true},"13":{"start":{"line":5,"column":0},"end":{"line":5,"column":20}},"14":{"start":{"line":7,"column":2},"end":{"line":7,"column":2}},"15":{"start":{"line":8,"column":4},"end":{"line":7,"column":39}},"16":{"start":{"line":11,"column":2},"end":{"line":5,"column":124}},"17":{"start":{"line":13,"column":2},"end":{"line":5,"column":124}},"18":{"start":{"line":14,"column":2},"end":{"line":5,"column":124}},"19":{"start":{"line":16,"column":2},"end":{"line":5,"column":124}},"20":{"start":{"line":21,"column":2},"end":{"line":5,"column":124}},"21":{"start":{"line":22,"column":4},"end":{"line":21,"column":75}},"22":{"start":{"line":27,"column":2},"end":{"line":5,"column":124}},"23":{"start":{"line":0,"column":0},"end":{"line":0,"column":0},"skip":true},"24":{"start":{"line":0,"column":0},"end":{"line":0,"column":0},"skip":true},"25":{"start":{"line":29,"column":6},"end":{"line":29,"column":6}},"26":{"start":{"line":30,"column":8},"end":{"line":29,"column":41}},"27":{"start":{"line":32,"column":8},"end":{"line":31,"column":13}},"28":{"start":{"line":38,"column":2},"end":{"line":5,"column":124}},"29":{"start":{"line":40,"column":2},"end":{"line":5,"column":124}},"30":{"start":{"line":41,"column":4},"end":{"line":40,"column":27}},"31":{"start":{"line":44,"column":2},"end":{"line":5,"column":124}},"32":{"start":{"line":45,"column":4},"end":{"line":44,"column":47}},"33":{"start":{"line":48,"column":2},"end":{"line":5,"column":124}},"34":{"start":{"line":49,"column":4},"end":{"line":48,"column":76}},"35":{"start":{"line":50,"column":4},"end":{"line":48,"column":76}},"36":{"start":{"line":56,"column":2},"end":{"line":5,"column":124}},"37":{"start":{"line":57,"column":4},"end":{"line":56,"column":70}},"38":{"start":{"line":60,"column":2},"end":{"line":5,"column":124}},"39":{"start":{"line":0,"column":0},"end":{"line":0,"column":0},"skip":true}},"branchMap":{"1":{"line":7,"type":"binary-expr","locations":[{"start":{"line":0,"column":0},"end":{"line":0,"column":0},"skip":true},{"start":{"line":0,"column":0},"end":{"line":0,"column":0},"skip":true}]},"2":{"line":7,"type":"if","locations":[{"start":{"line":0,"column":0},"end":{"line":0,"column":0},"skip":true},{"start":{"line":0,"column":0},"end":{"line":0,"column":0},"skip":true}]},"3":{"line":13,"type":"cond-expr","locations":[{"start":{"line":0,"column":0},"end":{"line":0,"column":0},"skip":true},{"start":{"line":0,"column":0},"end":{"line":0,"column":0},"skip":true}]},"4":{"line":13,"type":"binary-expr","locations":[{"start":{"line":0,"column":0},"end":{"line":0,"column":0},"skip":true},{"start":{"line":0,"column":0},"end":{"line":0,"column":0},"skip":true}]},"5":{"line":17,"type":"if","locations":[{"start":{"line":7,"column":2},"end":{"line":7,"column":2}},{"start":{"line":7,"column":2},"end":{"line":7,"column":2}}]},"6":{"line":29,"type":"cond-expr","locations":[{"start":{"line":23,"column":8},"end":{"line":22,"column":11}},{"start":{"line":24,"column":8},"end":{"line":22,"column":11}}]},"7":{"line":36,"type":"if","locations":[{"start":{"line":29,"column":6},"end":{"line":29,"column":6}},{"start":{"line":29,"column":6},"end":{"line":29,"column":6}}]},"8":{"line":41,"type":"binary-expr","locations":[{"start":{"line":35,"column":4},"end":{"line":35,"column":4}},{"start":{"line":35,"column":20},"end":{"line":35,"column":4}}]}}}}